<?xml version="1.0" encoding="UTF-8"?>
<!-- Generated by org.testng.reporters.JUnitReportReporter -->
<testsuite hostname="ep-cp-34" name="com.easypolicy.script.TestClass" tests="2" failures="0" timestamp="29 Aug 2017 04:49:56 GMT" time="95.441" errors="0">
  <testcase name="FillLoginDetails" time="80.607" classname="com.easypolicy.script.TestClass"/>
  <testcase name="LaunchWebsite" time="14.834" classname="com.easypolicy.script.TestClass"/>
</testsuite> <!-- com.easypolicy.script.TestClass -->
