<?xml version="1.0" encoding="UTF-8"?>
<!-- Generated by org.testng.reporters.JUnitReportReporter -->
<testsuite hostname="EPL-62" failures="0" tests="1" name="com.easypolicy.script.FlowSportsLife" time="90.149" errors="0" timestamp="8 May 2018 10:53:40 GMT">
  <testcase classname="com.easypolicy.script.FlowSportsLife" name="flowSportData" time="90.149"/>
</testsuite> <!-- com.easypolicy.script.FlowSportsLife -->
