<?xml version="1.0" encoding="UTF-8"?>
<!-- Generated by org.testng.reporters.JUnitReportReporter -->
<testsuite hostname="ep-cp-34" name="HealthProduct.CignaProposal" tests="28" failures="0" timestamp="11 Jul 2017 06:54:13 GMT" time="2.081" errors="0">
  <testcase name="NomineeName" time="0.050" classname="HealthProduct.CignaProposal"/>
  <testcase name="AdultHeightInches" time="0.049" classname="HealthProduct.CignaProposal"/>
  <testcase name="ChildLastName" time="0.052" classname="HealthProduct.CignaProposal"/>
  <testcase name="ProposerSaveandContinue" time="0.073" classname="HealthProduct.CignaProposal"/>
  <testcase name="NomineeRelation" time="0.060" classname="HealthProduct.CignaProposal"/>
  <testcase name="MaritalStatus" time="0.037" classname="HealthProduct.CignaProposal"/>
  <testcase name="ProceedToPayment" time="0.060" classname="HealthProduct.CignaProposal"/>
  <testcase name="ChildWeight" time="0.049" classname="HealthProduct.CignaProposal"/>
  <testcase name="AdultSaveandContinue" time="0.048" classname="HealthProduct.CignaProposal"/>
  <testcase name="CignaProposalFill" time="0.075" classname="HealthProduct.CignaProposal"/>
  <testcase name="MobileNo" time="0.059" classname="HealthProduct.CignaProposal"/>
  <testcase name="ChildSalutation" time="0.072" classname="HealthProduct.CignaProposal"/>
  <testcase name="PinCode" time="0.081" classname="HealthProduct.CignaProposal"/>
  <testcase name="ChildHeightFeet" time="0.094" classname="HealthProduct.CignaProposal"/>
  <testcase name="AdultHeightFeet" time="0.086" classname="HealthProduct.CignaProposal"/>
  <testcase name="ChildDOB" time="0.044" classname="HealthProduct.CignaProposal"/>
  <testcase name="MemberSaveAndContinue" time="0.424" classname="HealthProduct.CignaProposal"/>
  <testcase name="EmailID" time="0.050" classname="HealthProduct.CignaProposal"/>
  <testcase name="FillLastName" time="0.126" classname="HealthProduct.CignaProposal"/>
  <testcase name="AddressTwo" time="0.086" classname="HealthProduct.CignaProposal"/>
  <testcase name="AdultMaritalStatus" time="0.041" classname="HealthProduct.CignaProposal"/>
  <testcase name="AdultWeight" time="0.045" classname="HealthProduct.CignaProposal"/>
  <testcase name="ChildFirstName" time="0.049" classname="HealthProduct.CignaProposal"/>
  <testcase name="MedicalHistorySaveAndContinue" time="0.052" classname="HealthProduct.CignaProposal"/>
  <testcase name="Profession" time="0.046" classname="HealthProduct.CignaProposal"/>
  <testcase name="AddressOne" time="0.059" classname="HealthProduct.CignaProposal"/>
  <testcase name="MedicalHistory" time="0.057" classname="HealthProduct.CignaProposal"/>
  <testcase name="ChildHeightInches" time="0.057" classname="HealthProduct.CignaProposal"/>
</testsuite> <!-- HealthProduct.CignaProposal -->
