<?xml version="1.0" encoding="UTF-8"?>
<!-- Generated by org.testng.reporters.JUnitReportReporter -->
<testsuite skipped="0" hostname="ep-cp-34" name="com.abc.Abc" tests="1" failures="0" timestamp="22 Aug 2017 04:58:15 GMT" time="21.802" errors="0">
  <testcase name="abcTest" time="21.802" classname="com.abc.Abc"/>
</testsuite> <!-- com.abc.Abc -->
