<?xml version="1.0" encoding="UTF-8"?>
<!-- Generated by org.testng.reporters.JUnitReportReporter -->
<testsuite hostname="EPL-62" failures="0" tests="2" name="com.zikher.GetLendTech1" time="24.381" errors="0" timestamp="26 Sep 2018 12:01:06 GMT" skipped="1">
  <testcase classname="com.zikher.GetLendTech1" name="changePassword" time="24.381"/>
  <testcase classname="com.zikher.GetLendTech1" name="getLendTech">
    <skipped/>
  </testcase> <!-- getLendTech -->
</testsuite> <!-- com.zikher.GetLendTech1 -->
