<?xml version="1.0" encoding="UTF-8"?>
<!-- Generated by org.testng.reporters.JUnitReportReporter -->
<testsuite hostname="EPL-62" failures="0" tests="1" name="com.zikher.ZikherTest" time="72.181" errors="0" timestamp="25 May 2018 11:37:06 GMT" skipped="0">
  <testcase classname="com.zikher.ZikherTest" name="zikherSignUp" time="72.181"/>
</testsuite> <!-- com.zikher.ZikherTest -->
