<?xml version="1.0" encoding="UTF-8"?>
<!-- Generated by org.testng.reporters.JUnitReportReporter -->
<testsuite hostname="EPL-62" failures="0" tests="1" name="com.zikher.GetLendTech" time="68.782" errors="0" timestamp="02 Aug 2018 08:36:21 GMT" skipped="0">
  <testcase classname="com.zikher.GetLendTech" name="getLendTech" time="68.782"/>
</testsuite> <!-- com.zikher.GetLendTech -->
