<?xml version="1.0" encoding="UTF-8"?>
<!-- Generated by org.testng.reporters.JUnitReportReporter -->
<testsuite hostname="ep-cp-34" name="executionEngine.DriverScript" tests="1" failures="0" timestamp="19 Jul 2017 05:49:17 GMT" time="0.393" errors="0">
  <testcase name="script" time="0.393" classname="executionEngine.DriverScript"/>
</testsuite> <!-- executionEngine.DriverScript -->
